<?xml version="1.0" encoding="UTF-8"?>
<!-- Generated by org.testng.reporters.JUnitXMLReporter -->
<testsuite ignored="4" hostname="Dungeon" failures="0" tests="4" name="UI Tests" time="8.618" errors="0" timestamp="2026-02-23T23:38:40 GMT-05:00">
  <testcase classname="tests.DropdownTest" name="selectDropdownOption" time="1.812"/>
  <testcase classname="tests.LoginTest" name="validLoginTest" time="1.438"/>
  <testcase classname="tests.LoginTest" name="invalidLoginTest" time="2.311"/>
  <testcase classname="tests.CheckboxTest" name="checkboxSelectionTest" time="0.418"/>
  <testcase classname="base.BaseTest" name="@BeforeSuite setupReport" time="0.0">
    <ignored/>
  </testcase> <!-- @BeforeSuite setupReport -->
  <testcase classname="base.BaseTest" name="@AfterSuite flushReports" time="0.0">
    <ignored/>
  </testcase> <!-- @AfterSuite flushReports -->
  <testcase classname="base.BaseTest" name="@BeforeSuite setupReport" time="0.0">
    <ignored/>
  </testcase> <!-- @BeforeSuite setupReport -->
  <testcase classname="base.BaseTest" name="@AfterSuite flushReports" time="0.0">
    <ignored/>
  </testcase> <!-- @AfterSuite flushReports -->
</testsuite> <!-- UI Tests -->
